<?xml version="1.0" encoding="UTF-8"?>
<!-- Generated by org.testng.reporters.JUnitXMLReporter -->
<testsuite hostname="Maya-PC" name="On firefox" tests="4" failures="0" timestamp="30 Dec 2015 15:56:07 GMT" time="132.562" errors="0">
  <testcase name="loginTest" time="67.121" classname="com.orangehrm.baseclass.Login"/>
  <testcase name="addEmployeeTest" time="51.027" classname="com.orangehrm.baseclass.AddEmployee"/>
  <testcase name="screenshotTest" time="0.028" classname="com.orangehrm.baseclass.TakingScreenshot">
    <skipped/>
  </testcase> <!-- screenshotTest -->
  <testcase name="logoutTest" time="14.353" classname="com.orangehrm.baseclass.Logout"/>
</testsuite> <!-- On firefox -->
